This file contains any messages produced by compilers while
running configure, to aid debugging if configure makes a mistake.

It was created by liblcupm configure 1.0, which was
generated by GNU Autoconf 2.69.  Invocation command line was

  $ ./configure --enable-downloader-smb

## --------- ##
## Platform. ##
## --------- ##

hostname = CONNOR-TOWER
uname -m = x86_64
uname -r = 5.0.0-27-generic
uname -s = Linux
uname -v = #28~18.04.1-Ubuntu SMP Thu Aug 22 03:00:32 UTC 2019

/usr/bin/uname -p = unknown
/bin/uname -X     = unknown

/bin/arch              = unknown
/usr/bin/arch -k       = unknown
/usr/convex/getsysinfo = unknown
/usr/bin/hostinfo      = unknown
/bin/machine           = unknown
/usr/bin/oslevel       = unknown
/bin/universe          = unknown

PATH: /home/chorm/bin
PATH: /usr/local/sbin
PATH: /usr/local/bin
PATH: /usr/sbin
PATH: /usr/bin
PATH: /sbin
PATH: /bin
PATH: /usr/games
PATH: /usr/local/games
PATH: /snap/bin


## ----------- ##
## Core tests. ##
## ----------- ##

configure:1966: checking for gcc
configure:1982: found /usr/bin/gcc
configure:1993: result: gcc
configure:2024: checking for C compiler version
configure:2033: gcc --version >&5
gcc (GCC) 10.0.0 20190803 (experimental)
Copyright (C) 2019 Free Software Foundation, Inc.
This is free software; see the source for copying conditions.  There is NO
warranty; not even for MERCHANTABILITY or FITNESS FOR A PARTICULAR PURPOSE.

configure:2044: $? = 0
configure:2033: gcc -v >&5
Using built-in specs.
COLLECT_GCC=gcc
COLLECT_LTO_WRAPPER=/usr/libexec/gcc/x86_64-pc-linux-gnu/10.0.0/lto-wrapper
Target: x86_64-pc-linux-gnu
Configured with: ../configure --prefix=/usr --enable-languages=c,c++ --disable-multilib --enable-threads=posix
Thread model: posix
Supported LTO compression algorithms: zlib
gcc version 10.0.0 20190803 (experimental) (GCC) 
configure:2044: $? = 0
configure:2033: gcc -V >&5
gcc: error: unrecognized command-line option '-V'
gcc: fatal error: no input files
compilation terminated.
configure:2044: $? = 1
configure:2033: gcc -qversion >&5
gcc: error: unrecognized command-line option '-qversion'; did you mean '--version'?
gcc: fatal error: no input files
compilation terminated.
configure:2044: $? = 1
configure:2064: checking whether the C compiler works
configure:2086: gcc    conftest.c  >&5
configure:2090: $? = 0
configure:2138: result: yes
configure:2141: checking for C compiler default output file name
configure:2143: result: a.out
configure:2149: checking for suffix of executables
configure:2156: gcc -o conftest    conftest.c  >&5
configure:2160: $? = 0
configure:2182: result: 
configure:2204: checking whether we are cross compiling
configure:2212: gcc -o conftest    conftest.c  >&5
configure:2216: $? = 0
configure:2223: ./conftest
configure:2227: $? = 0
configure:2215: result: no
configure:2220: checking for suffix of object files
configure:2242: gcc -c   conftest.c >&5
configure:2246: $? = 0
configure:2267: result: o
configure:2271: checking whether we are using the GNU C compiler
configure:2290: gcc -c   conftest.c >&5
configure:2290: $? = 0
configure:2299: result: yes
configure:2308: checking whether gcc accepts -g
configure:2328: gcc -c -g  conftest.c >&5
configure:2328: $? = 0
configure:2369: result: yes
configure:2386: checking for gcc option to accept ISO C89
configure:2449: gcc  -c -g -O2  conftest.c >&5
configure:2449: $? = 0
configure:2462: result: none needed
configure:2519: checking whether gcc understands -c and -o together
configure:2541: gcc -c conftest.c -o conftest2.o
configure:2544: $? = 0
configure:2541: gcc -c conftest.c -o conftest2.o
configure:2544: $? = 0
configure:2556: result: yes
configure:2578: checking how to run the C preprocessor
configure:2609: gcc -E  conftest.c
configure:2609: $? = 0
configure:2623: gcc -E  conftest.c
conftest.c:9:10: fatal error: ac_nonexistent.h: No such file or directory
    9 | #include <ac_nonexistent.h>
      |          ^~~~~~~~~~~~~~~~~~
compilation terminated.
configure:2623: $? = 1
configure: failed program was:
| /* confdefs.h */
| #define PACKAGE_NAME "liblcupm"
| #define PACKAGE_TARNAME "liblcupm"
| #define PACKAGE_VERSION "1.0"
| #define PACKAGE_STRING "liblcupm 1.0"
| #define PACKAGE_BUGREPORT ""
| #define PACKAGE_URL ""
| /* end confdefs.h.  */
| #include <ac_nonexistent.h>
configure:2648: result: gcc -E
configure:2668: gcc -E  conftest.c
configure:2668: $? = 0
configure:2682: gcc -E  conftest.c
conftest.c:9:10: fatal error: ac_nonexistent.h: No such file or directory
    9 | #include <ac_nonexistent.h>
      |          ^~~~~~~~~~~~~~~~~~
compilation terminated.
configure:2682: $? = 1
configure: failed program was:
| /* confdefs.h */
| #define PACKAGE_NAME "liblcupm"
| #define PACKAGE_TARNAME "liblcupm"
| #define PACKAGE_VERSION "1.0"
| #define PACKAGE_STRING "liblcupm 1.0"
| #define PACKAGE_BUGREPORT ""
| #define PACKAGE_URL ""
| /* end confdefs.h.  */
| #include <ac_nonexistent.h>
configure:2768: checking for g++
configure:2784: found /usr/bin/g++
configure:2795: result: g++
configure:2822: checking for C++ compiler version
configure:2831: g++ --version >&5
g++ (GCC) 10.0.0 20190803 (experimental)
Copyright (C) 2019 Free Software Foundation, Inc.
This is free software; see the source for copying conditions.  There is NO
warranty; not even for MERCHANTABILITY or FITNESS FOR A PARTICULAR PURPOSE.

configure:2842: $? = 0
configure:2831: g++ -v >&5
Using built-in specs.
COLLECT_GCC=g++
COLLECT_LTO_WRAPPER=/usr/libexec/gcc/x86_64-pc-linux-gnu/10.0.0/lto-wrapper
Target: x86_64-pc-linux-gnu
Configured with: ../configure --prefix=/usr --enable-languages=c,c++ --disable-multilib --enable-threads=posix
Thread model: posix
Supported LTO compression algorithms: zlib
gcc version 10.0.0 20190803 (experimental) (GCC) 
configure:2842: $? = 0
configure:2831: g++ -V >&5
g++: error: unrecognized command-line option '-V'
g++: fatal error: no input files
compilation terminated.
configure:2842: $? = 1
configure:2831: g++ -qversion >&5
g++: error: unrecognized command-line option '-qversion'; did you mean '--version'?
g++: fatal error: no input files
compilation terminated.
configure:2842: $? = 1
configure:2846: checking whether we are using the GNU C++ compiler
configure:2865: g++ -c   conftest.cpp >&5
configure:2865: $? = 0
configure:2874: result: yes
configure:2883: checking whether g++ accepts -g
configure:2903: g++ -c -g  conftest.cpp >&5
configure:2903: $? = 0
configure:2944: result: yes
configure:2972: checking how to run the C++ preprocessor
configure:2999: g++ -E  conftest.cpp
configure:2999: $? = 0
configure:3013: g++ -E  conftest.cpp
conftest.cpp:9:10: fatal error: ac_nonexistent.h: No such file or directory
    9 | #include <ac_nonexistent.h>
      |          ^~~~~~~~~~~~~~~~~~
compilation terminated.
configure:3013: $? = 1
configure: failed program was:
| /* confdefs.h */
| #define PACKAGE_NAME "liblcupm"
| #define PACKAGE_TARNAME "liblcupm"
| #define PACKAGE_VERSION "1.0"
| #define PACKAGE_STRING "liblcupm 1.0"
| #define PACKAGE_BUGREPORT ""
| #define PACKAGE_URL ""
| /* end confdefs.h.  */
| #include <ac_nonexistent.h>
configure:3038: result: g++ -E
configure:3058: g++ -E  conftest.cpp
configure:3058: $? = 0
configure:3072: g++ -E  conftest.cpp
conftest.cpp:9:10: fatal error: ac_nonexistent.h: No such file or directory
    9 | #include <ac_nonexistent.h>
      |          ^~~~~~~~~~~~~~~~~~
compilation terminated.
configure:3072: $? = 1
configure: failed program was:
| /* confdefs.h */
| #define PACKAGE_NAME "liblcupm"
| #define PACKAGE_TARNAME "liblcupm"
| #define PACKAGE_VERSION "1.0"
| #define PACKAGE_STRING "liblcupm 1.0"
| #define PACKAGE_BUGREPORT ""
| #define PACKAGE_URL ""
| /* end confdefs.h.  */
| #include <ac_nonexistent.h>
configure:3415: creating ./config.status

## ---------------------- ##
## Running config.status. ##
## ---------------------- ##

This file was extended by liblcupm config.status 1.0, which was
generated by GNU Autoconf 2.69.  Invocation command line was

  CONFIG_FILES    = 
  CONFIG_HEADERS  = 
  CONFIG_LINKS    = 
  CONFIG_COMMANDS = 
  $ ./config.status 

on CONNOR-TOWER

config.status:760: creating Makefile
config.status:760: creating package/liblcupm.json

## ---------------- ##
## Cache variables. ##
## ---------------- ##

ac_cv_c_compiler_gnu=yes
ac_cv_cxx_compiler_gnu=yes
ac_cv_env_CCC_set=
ac_cv_env_CCC_value=
ac_cv_env_CC_set=
ac_cv_env_CC_value=
ac_cv_env_CFLAGS_set=
ac_cv_env_CFLAGS_value=
ac_cv_env_CPPFLAGS_set=
ac_cv_env_CPPFLAGS_value=
ac_cv_env_CPP_set=
ac_cv_env_CPP_value=
ac_cv_env_CXXCPP_set=
ac_cv_env_CXXCPP_value=
ac_cv_env_CXXFLAGS_set=
ac_cv_env_CXXFLAGS_value=
ac_cv_env_CXX_set=
ac_cv_env_CXX_value=
ac_cv_env_LDFLAGS_set=
ac_cv_env_LDFLAGS_value=
ac_cv_env_LIBS_set=
ac_cv_env_LIBS_value=
ac_cv_env_build_alias_set=
ac_cv_env_build_alias_value=
ac_cv_env_host_alias_set=
ac_cv_env_host_alias_value=
ac_cv_env_target_alias_set=
ac_cv_env_target_alias_value=
ac_cv_objext=o
ac_cv_prog_CPP='gcc -E'
ac_cv_prog_CXXCPP='g++ -E'
ac_cv_prog_ac_ct_CC=gcc
ac_cv_prog_ac_ct_CXX=g++
ac_cv_prog_cc_c89=
ac_cv_prog_cc_g=yes
ac_cv_prog_cxx_g=yes
am_cv_prog_cc_c_o=yes

## ----------------- ##
## Output variables. ##
## ----------------- ##

CC='gcc'
CFLAGS='-g -O2'
CPP='gcc -E'
CPPFLAGS=''
CXX='g++'
CXXCPP='g++ -E'
CXXFLAGS='-g -O2'
DEFS='-DPACKAGE_NAME=\"liblcupm\" -DPACKAGE_TARNAME=\"liblcupm\" -DPACKAGE_VERSION=\"1.0\" -DPACKAGE_STRING=\"liblcupm\ 1.0\" -DPACKAGE_BUGREPORT=\"\" -DPACKAGE_URL=\"\"'
ECHO_C=''
ECHO_N='-n'
ECHO_T=''
EXEEXT=''
LDFLAGS=''
LIBOBJS=''
LIBS=''
LTLIBOBJS=''
OBJEXT='o'
PACKAGE_BUGREPORT=''
PACKAGE_NAME='liblcupm'
PACKAGE_STRING='liblcupm 1.0'
PACKAGE_TARNAME='liblcupm'
PACKAGE_URL=''
PACKAGE_VERSION='1.0'
PATH_SEPARATOR=':'
SHELL='/bin/bash'
ac_ct_CC='gcc'
ac_ct_CXX='g++'
bindir='${exec_prefix}/bin'
build_alias=''
datadir='${datarootdir}'
datarootdir='${prefix}/share'
docdir='${datarootdir}/doc/${PACKAGE_TARNAME}'
downloader_ftp='yes'
downloader_http='yes'
downloader_smb='yes'
downloader_torrent='no'
dvidir='${docdir}'
exec_prefix='${prefix}'
host_alias=''
htmldir='${docdir}'
includedir='${prefix}/include'
infodir='${datarootdir}/info'
libdir='${exec_prefix}/lib'
libexecdir='${exec_prefix}/libexec'
localedir='${datarootdir}/locale'
localstatedir='${prefix}/var'
mandir='${datarootdir}/man'
oldincludedir='/usr/include'
packagename='liblcupm'
packageprovider='lcroot'
pdfdir='${docdir}'
prefix='/usr/local'
program_transform_name='s,x,x,'
psdir='${docdir}'
runstatedir='${localstatedir}/run'
sbindir='${exec_prefix}/sbin'
shared='yes'
sharedstatedir='${prefix}/com'
static='yes'
sysconfdir='${prefix}/etc'
target_alias=''
toolkit_gtk='maybe'
toolkit_sdl='maybe'
toolkit_sfml='maybe'
toolkit_x11='maybe'

## ------------------- ##
## File substitutions. ##
## ------------------- ##

Makefile=''

## ----------- ##
## confdefs.h. ##
## ----------- ##

/* confdefs.h */
#define PACKAGE_NAME "liblcupm"
#define PACKAGE_TARNAME "liblcupm"
#define PACKAGE_VERSION "1.0"
#define PACKAGE_STRING "liblcupm 1.0"
#define PACKAGE_BUGREPORT ""
#define PACKAGE_URL ""

configure: exit 0
